0 info it worked if it ends with ok
1 verbose cli [ '/usr/local/bin/node',
1 verbose cli   '/usr/local/bin/npm',
1 verbose cli   'install',
1 verbose cli   '--save',
1 verbose cli   'react-async-script-loader' ]
2 info using npm@2.15.1
3 info using node@v4.4.3
4 verbose install initial load of /Users/sbarghshoon/Desktop/ReactTodoAlt/package.json
5 warn package.json boilerplate@1.0.0 No repository field.
6 verbose installManyTop reading scoped package data from /Users/sbarghshoon/Desktop/ReactTodoAlt/node_modules/acorn/package.json
7 verbose installManyTop reading scoped package data from /Users/sbarghshoon/Desktop/ReactTodoAlt/node_modules/axios/package.json
8 verbose installManyTop reading scoped package data from /Users/sbarghshoon/Desktop/ReactTodoAlt/node_modules/babel-core/package.json
9 verbose installManyTop reading scoped package data from /Users/sbarghshoon/Desktop/ReactTodoAlt/node_modules/babel-loader/package.json
10 verbose installManyTop reading scoped package data from /Users/sbarghshoon/Desktop/ReactTodoAlt/node_modules/babel-preset-es2015/package.json
11 verbose installManyTop reading scoped package data from /Users/sbarghshoon/Desktop/ReactTodoAlt/node_modules/babel-preset-react/package.json
12 verbose installManyTop reading scoped package data from /Users/sbarghshoon/Desktop/ReactTodoAlt/node_modules/babel-preset-stage-0/package.json
13 verbose installManyTop reading scoped package data from /Users/sbarghshoon/Desktop/ReactTodoAlt/node_modules/css-loader/package.json
14 verbose installManyTop reading scoped package data from /Users/sbarghshoon/Desktop/ReactTodoAlt/node_modules/expect/package.json
15 verbose installManyTop reading scoped package data from /Users/sbarghshoon/Desktop/ReactTodoAlt/node_modules/express/package.json
16 verbose installManyTop reading scoped package data from /Users/sbarghshoon/Desktop/ReactTodoAlt/node_modules/foundation-sites/package.json
17 verbose installManyTop reading scoped package data from /Users/sbarghshoon/Desktop/ReactTodoAlt/node_modules/jquery/package.json
18 verbose installManyTop reading scoped package data from /Users/sbarghshoon/Desktop/ReactTodoAlt/node_modules/karma/package.json
19 verbose installManyTop reading scoped package data from /Users/sbarghshoon/Desktop/ReactTodoAlt/node_modules/karma-chrome-launcher/package.json
20 verbose installManyTop reading scoped package data from /Users/sbarghshoon/Desktop/ReactTodoAlt/node_modules/karma-mocha/package.json
21 verbose installManyTop reading scoped package data from /Users/sbarghshoon/Desktop/ReactTodoAlt/node_modules/karma-mocha-reporter/package.json
22 verbose installManyTop reading scoped package data from /Users/sbarghshoon/Desktop/ReactTodoAlt/node_modules/karma-sourcemap-loader/package.json
23 verbose installManyTop reading scoped package data from /Users/sbarghshoon/Desktop/ReactTodoAlt/node_modules/karma-webpack/package.json
24 verbose installManyTop reading scoped package data from /Users/sbarghshoon/Desktop/ReactTodoAlt/node_modules/mocha/package.json
25 verbose installManyTop reading scoped package data from /Users/sbarghshoon/Desktop/ReactTodoAlt/node_modules/moment/package.json
26 verbose installManyTop reading scoped package data from /Users/sbarghshoon/Desktop/ReactTodoAlt/node_modules/node-uuid/package.json
27 verbose installManyTop reading scoped package data from /Users/sbarghshoon/Desktop/ReactTodoAlt/node_modules/react/package.json
28 verbose installManyTop reading scoped package data from /Users/sbarghshoon/Desktop/ReactTodoAlt/node_modules/react-addons-test-utils/package.json
29 verbose installManyTop reading scoped package data from /Users/sbarghshoon/Desktop/ReactTodoAlt/node_modules/react-dom/package.json
30 verbose installManyTop reading scoped package data from /Users/sbarghshoon/Desktop/ReactTodoAlt/node_modules/react-loadscript/package.json
31 verbose installManyTop reading scoped package data from /Users/sbarghshoon/Desktop/ReactTodoAlt/node_modules/react-router/package.json
32 verbose installManyTop reading scoped package data from /Users/sbarghshoon/Desktop/ReactTodoAlt/node_modules/sass-loader/package.json
33 verbose installManyTop reading scoped package data from /Users/sbarghshoon/Desktop/ReactTodoAlt/node_modules/script-loader/package.json
34 verbose installManyTop reading scoped package data from /Users/sbarghshoon/Desktop/ReactTodoAlt/node_modules/style-loader/package.json
35 verbose installManyTop reading scoped package data from /Users/sbarghshoon/Desktop/ReactTodoAlt/node_modules/webpack/package.json
36 info package.json node-uuid@1.4.7 No license field.
37 info package.json script-loader@0.6.1 No license field.
38 verbose readDependencies loading dependencies from /Users/sbarghshoon/Desktop/ReactTodoAlt/package.json
39 silly cache add args [ 'react-async-script-loader', null ]
40 verbose cache add spec react-async-script-loader
41 silly cache add parsed spec Result {
41 silly cache add   raw: 'react-async-script-loader',
41 silly cache add   scope: null,
41 silly cache add   name: 'react-async-script-loader',
41 silly cache add   rawSpec: '',
41 silly cache add   spec: 'latest',
41 silly cache add   type: 'tag' }
42 silly addNamed react-async-script-loader@latest
43 verbose addNamed "latest" is being treated as a dist-tag for react-async-script-loader
44 info addNameTag [ 'react-async-script-loader', 'latest' ]
45 silly mapToRegistry name react-async-script-loader
46 silly mapToRegistry using default registry
47 silly mapToRegistry registry https://registry.npmjs.org/
48 silly mapToRegistry data Result {
48 silly mapToRegistry   raw: 'react-async-script-loader',
48 silly mapToRegistry   scope: null,
48 silly mapToRegistry   name: 'react-async-script-loader',
48 silly mapToRegistry   rawSpec: '',
48 silly mapToRegistry   spec: 'latest',
48 silly mapToRegistry   type: 'tag' }
49 silly mapToRegistry uri https://registry.npmjs.org/react-async-script-loader
50 verbose addNameTag registry:https://registry.npmjs.org/react-async-script-loader not in flight; fetching
51 verbose request uri https://registry.npmjs.org/react-async-script-loader
52 verbose request no auth needed
53 info attempt registry request try #1 at 11:54:49 AM
54 verbose request id b6570677474233c4
55 http request GET https://registry.npmjs.org/react-async-script-loader
56 http 200 https://registry.npmjs.org/react-async-script-loader
57 verbose headers { server: 'nginx/1.10.1',
57 verbose headers   'content-type': 'application/json',
57 verbose headers   'last-modified': 'Wed, 23 Nov 2016 02:15:22 GMT',
57 verbose headers   etag: 'W/"5834fbba-32c6"',
57 verbose headers   'content-encoding': 'gzip',
57 verbose headers   'cache-control': 'max-age=300',
57 verbose headers   'content-length': '2722',
57 verbose headers   'accept-ranges': 'bytes',
57 verbose headers   date: 'Fri, 02 Dec 2016 16:54:49 GMT',
57 verbose headers   via: '1.1 varnish',
57 verbose headers   age: '0',
57 verbose headers   connection: 'keep-alive',
57 verbose headers   'x-served-by': 'cache-iad2634-IAD',
57 verbose headers   'x-cache': 'MISS',
57 verbose headers   'x-cache-hits': '0',
57 verbose headers   'x-timer': 'S1480697689.246734,VS0,VE1',
57 verbose headers   vary: 'Accept-Encoding' }
58 silly get cb [ 200,
58 silly get   { server: 'nginx/1.10.1',
58 silly get     'content-type': 'application/json',
58 silly get     'last-modified': 'Wed, 23 Nov 2016 02:15:22 GMT',
58 silly get     etag: 'W/"5834fbba-32c6"',
58 silly get     'content-encoding': 'gzip',
58 silly get     'cache-control': 'max-age=300',
58 silly get     'content-length': '2722',
58 silly get     'accept-ranges': 'bytes',
58 silly get     date: 'Fri, 02 Dec 2016 16:54:49 GMT',
58 silly get     via: '1.1 varnish',
58 silly get     age: '0',
58 silly get     connection: 'keep-alive',
58 silly get     'x-served-by': 'cache-iad2634-IAD',
58 silly get     'x-cache': 'MISS',
58 silly get     'x-cache-hits': '0',
58 silly get     'x-timer': 'S1480697689.246734,VS0,VE1',
58 silly get     vary: 'Accept-Encoding' } ]
59 verbose get saving react-async-script-loader to /Users/sbarghshoon/.npm/registry.npmjs.org/react-async-script-loader/.cache.json
60 verbose correctMkdir /Users/sbarghshoon/.npm correctMkdir not in flight; initializing
61 silly addNameTag next cb for react-async-script-loader with tag latest
62 silly addNamed react-async-script-loader@0.2.2
63 verbose addNamed "0.2.2" is a plain semver version for react-async-script-loader
64 silly mapToRegistry name react-async-script-loader
65 silly mapToRegistry using default registry
66 silly mapToRegistry registry https://registry.npmjs.org/
67 silly mapToRegistry data Result {
67 silly mapToRegistry   raw: 'react-async-script-loader',
67 silly mapToRegistry   scope: null,
67 silly mapToRegistry   name: 'react-async-script-loader',
67 silly mapToRegistry   rawSpec: '',
67 silly mapToRegistry   spec: 'latest',
67 silly mapToRegistry   type: 'tag' }
68 silly mapToRegistry uri https://registry.npmjs.org/react-async-script-loader
69 verbose addRemoteTarball https://registry.npmjs.org/react-async-script-loader/-/react-async-script-loader-0.2.2.tgz not in flight; adding
70 verbose addRemoteTarball [ 'https://registry.npmjs.org/react-async-script-loader/-/react-async-script-loader-0.2.2.tgz',
70 verbose addRemoteTarball   '70ae44c143539a2f2d4f79aa5f177f244eea8c55' ]
71 info retry fetch attempt 1 at 11:54:49 AM
72 info attempt registry request try #1 at 11:54:49 AM
73 http fetch GET https://registry.npmjs.org/react-async-script-loader/-/react-async-script-loader-0.2.2.tgz
74 http fetch 200 https://registry.npmjs.org/react-async-script-loader/-/react-async-script-loader-0.2.2.tgz
75 silly fetchAndShaCheck shasum 70ae44c143539a2f2d4f79aa5f177f244eea8c55
76 verbose addTmpTarball /var/folders/Io/IojWFqsRFLGgU3G1V3dF4++++TM/-Tmp-/npm-765-beb443a7/registry.npmjs.org/react-async-script-loader/-/react-async-script-loader-0.2.2.tgz not in flight; adding
77 verbose addTmpTarball already have metadata; skipping unpack for react-async-script-loader@0.2.2
78 verbose correctMkdir /Users/sbarghshoon/.npm correctMkdir not in flight; initializing
79 silly cache afterAdd react-async-script-loader@0.2.2
80 verbose afterAdd /Users/sbarghshoon/.npm/react-async-script-loader/0.2.2/package/package.json not in flight; writing
81 verbose correctMkdir /Users/sbarghshoon/.npm correctMkdir not in flight; initializing
82 verbose afterAdd /Users/sbarghshoon/.npm/react-async-script-loader/0.2.2/package/package.json written
83 silly install resolved [ { name: 'react-async-script-loader',
83 silly install resolved     version: '0.2.2',
83 silly install resolved     description: 'A decorator for script lazy loading on react component',
83 silly install resolved     main: 'lib/index.js',
83 silly install resolved     scripts:
83 silly install resolved      { build: 'babel src --out-dir lib',
83 silly install resolved        prepublish: 'npm run build',
83 silly install resolved        test: 'karma start' },
83 silly install resolved     repository:
83 silly install resolved      { type: 'git',
83 silly install resolved        url: 'git+https://github.com/leozdgao/react-script-loader.git' },
83 silly install resolved     keywords: [ 'react', 'reactjs', 'react-component' ],
83 silly install resolved     author: { name: 'leozdgao' },
83 silly install resolved     license: 'MIT',
83 silly install resolved     bugs: { url: 'https://github.com/leozdgao/react-script-loader/issues' },
83 silly install resolved     homepage: 'https://github.com/leozdgao/react-script-loader#readme',
83 silly install resolved     peerDependencies: { react: '^15.0.1' },
83 silly install resolved     devDependencies:
83 silly install resolved      { 'babel-cli': '^6.1.18',
83 silly install resolved        'babel-eslint': '^4.1.5',
83 silly install resolved        'babel-loader': '~6.2.4',
83 silly install resolved        'babel-plugin-syntax-class-properties': '^6.1.18',
83 silly install resolved        'babel-plugin-transform-class-properties': '^6.1.20',
83 silly install resolved        'babel-preset-es2015': '^6.1.18',
83 silly install resolved        'babel-preset-react': '^6.1.18',
83 silly install resolved        'babel-preset-stage-0': '^6.1.18',
83 silly install resolved        chai: '~3.5.0',
83 silly install resolved        eslint: '^1.9.0',
83 silly install resolved        karma: '~0.13.22',
83 silly install resolved        'karma-chai': '~0.1.0',
83 silly install resolved        'karma-mocha': '~0.2.2',
83 silly install resolved        'karma-mocha-reporter': '~2.0.0',
83 silly install resolved        'karma-phantomjs-launcher': '~1.0.0',
83 silly install resolved        'karma-sourcemap-loader': '~0.3.7',
83 silly install resolved        'karma-webpack': '~1.7.0',
83 silly install resolved        mocha: '~2.4.5',
83 silly install resolved        'phantomjs-prebuilt': '~2.1.7',
83 silly install resolved        react: '^15.0.1',
83 silly install resolved        'react-addons-test-utils': '^15.0.1',
83 silly install resolved        'react-dom': '^15.0.1',
83 silly install resolved        webpack: '~1.12.14' },
83 silly install resolved     dependencies: { 'hoist-non-react-statics': '^1.0.3' },
83 silly install resolved     gitHead: '63dd0a953d43c07ff8dfb57aebc63702c95d01c7',
83 silly install resolved     _id: 'react-async-script-loader@0.2.2',
83 silly install resolved     _shasum: '70ae44c143539a2f2d4f79aa5f177f244eea8c55',
83 silly install resolved     _from: 'react-async-script-loader@latest',
83 silly install resolved     _npmVersion: '2.14.20',
83 silly install resolved     _nodeVersion: '4.4.1',
83 silly install resolved     _npmUser: { name: 'leozdgao', email: 'gzdleo0816@hotmail.com' },
83 silly install resolved     dist:
83 silly install resolved      { shasum: '70ae44c143539a2f2d4f79aa5f177f244eea8c55',
83 silly install resolved        tarball: 'https://registry.npmjs.org/react-async-script-loader/-/react-async-script-loader-0.2.2.tgz' },
83 silly install resolved     maintainers: [ [Object] ],
83 silly install resolved     _npmOperationalInternal:
83 silly install resolved      { host: 'packages-12-west.internal.npmjs.com',
83 silly install resolved        tmp: 'tmp/react-async-script-loader-0.2.2.tgz_1479867320561_0.36819898476824164' },
83 silly install resolved     directories: {},
83 silly install resolved     _resolved: 'https://registry.npmjs.org/react-async-script-loader/-/react-async-script-loader-0.2.2.tgz' } ]
84 info install react-async-script-loader@0.2.2 into /Users/sbarghshoon/Desktop/ReactTodoAlt
85 info installOne react-async-script-loader@0.2.2
86 verbose installOne of react-async-script-loader to /Users/sbarghshoon/Desktop/ReactTodoAlt not in flight; installing
87 verbose correctMkdir /Users/sbarghshoon/.npm/_locks correctMkdir not in flight; initializing
88 verbose lock using /Users/sbarghshoon/.npm/_locks/react-async-script-loade-0a74f12a537cec12.lock for /Users/sbarghshoon/Desktop/ReactTodoAlt/node_modules/react-async-script-loader
89 silly install write writing react-async-script-loader 0.2.2 to /Users/sbarghshoon/Desktop/ReactTodoAlt/node_modules/react-async-script-loader
90 verbose unbuild node_modules/react-async-script-loader
91 silly gentlyRm /Users/sbarghshoon/Desktop/ReactTodoAlt/node_modules/react-async-script-loader is being purged from base /Users/sbarghshoon/Desktop/ReactTodoAlt
92 verbose gentlyRm don't care about contents; nuking /Users/sbarghshoon/Desktop/ReactTodoAlt/node_modules/react-async-script-loader
93 verbose tar unpack /Users/sbarghshoon/.npm/react-async-script-loader/0.2.2/package.tgz
94 verbose tar unpacking to /Users/sbarghshoon/Desktop/ReactTodoAlt/node_modules/react-async-script-loader
95 silly gentlyRm /Users/sbarghshoon/Desktop/ReactTodoAlt/node_modules/react-async-script-loader is being purged
96 verbose gentlyRm don't care about contents; nuking /Users/sbarghshoon/Desktop/ReactTodoAlt/node_modules/react-async-script-loader
97 silly gunzTarPerm modes [ '755', '644' ]
98 silly gunzTarPerm extractEntry package.json
99 silly gunzTarPerm extractEntry .npmignore
100 silly gunzTarPerm extractEntry README.md
101 silly gunzTarPerm extractEntry LICENSE
102 silly gunzTarPerm extractEntry tests.webpack.js
103 silly gunzTarPerm extractEntry karma.conf.js
104 silly gunzTarPerm extractEntry .travis.yml
105 silly gunzTarPerm extractEntry .eslintignore
106 silly gunzTarPerm extractEntry lib/index.js
107 silly gunzTarPerm extractEntry lib/utils.js
108 silly gunzTarPerm extractEntry lib/__tests__/index.test.js
109 silly gunzTarPerm extractEntry test/index.spec.js
110 silly gunzTarPerm extractEntry test/utils.spec.js
111 silly gunzTarPerm extractEntry .babelrc
112 verbose write writing to /Users/sbarghshoon/Desktop/ReactTodoAlt/node_modules/react-async-script-loader/package.json
113 info preinstall react-async-script-loader@0.2.2
114 verbose readDependencies loading dependencies from /Users/sbarghshoon/Desktop/ReactTodoAlt/node_modules/react-async-script-loader/package.json
115 silly prepareForInstallMany adding hoist-non-react-statics@^1.0.3 from react-async-script-loader dependencies
116 silly prepareForInstallMany adding react@^15.0.1 from react-async-script-loader peerDependencies
117 warn peerDependencies The peer dependency react@^15.0.1 included from react-async-script-loader will no
118 warn peerDependencies longer be automatically installed to fulfill the peerDependency
119 warn peerDependencies in npm 3+. Your application will need to depend on it explicitly.
120 verbose readDependencies loading dependencies from /Users/sbarghshoon/Desktop/ReactTodoAlt/node_modules/react-async-script-loader/package.json
121 silly cache add args [ 'hoist-non-react-statics@^1.0.3', null ]
122 verbose cache add spec hoist-non-react-statics@^1.0.3
123 silly cache add parsed spec Result {
123 silly cache add   raw: 'hoist-non-react-statics@^1.0.3',
123 silly cache add   scope: null,
123 silly cache add   name: 'hoist-non-react-statics',
123 silly cache add   rawSpec: '^1.0.3',
123 silly cache add   spec: '>=1.0.3 <2.0.0',
123 silly cache add   type: 'range' }
124 silly addNamed hoist-non-react-statics@>=1.0.3 <2.0.0
125 verbose addNamed ">=1.0.3 <2.0.0" is a valid semver range for hoist-non-react-statics
126 silly addNameRange { name: 'hoist-non-react-statics',
126 silly addNameRange   range: '>=1.0.3 <2.0.0',
126 silly addNameRange   hasData: false }
127 silly mapToRegistry name hoist-non-react-statics
128 silly mapToRegistry using default registry
129 silly mapToRegistry registry https://registry.npmjs.org/
130 silly mapToRegistry data Result {
130 silly mapToRegistry   raw: 'hoist-non-react-statics',
130 silly mapToRegistry   scope: null,
130 silly mapToRegistry   name: 'hoist-non-react-statics',
130 silly mapToRegistry   rawSpec: '',
130 silly mapToRegistry   spec: 'latest',
130 silly mapToRegistry   type: 'tag' }
131 silly mapToRegistry uri https://registry.npmjs.org/hoist-non-react-statics
132 verbose addNameRange registry:https://registry.npmjs.org/hoist-non-react-statics not in flight; fetching
133 verbose request uri https://registry.npmjs.org/hoist-non-react-statics
134 verbose request no auth needed
135 info attempt registry request try #1 at 11:54:49 AM
136 verbose etag W/"580af141-46fa"
137 verbose lastModified Sat, 22 Oct 2016 04:55:29 GMT
138 http request GET https://registry.npmjs.org/hoist-non-react-statics
139 http 304 https://registry.npmjs.org/hoist-non-react-statics
140 verbose headers { date: 'Fri, 02 Dec 2016 16:54:49 GMT',
140 verbose headers   via: '1.1 varnish',
140 verbose headers   'cache-control': 'max-age=300',
140 verbose headers   etag: 'W/"580af141-46fa"',
140 verbose headers   age: '39',
140 verbose headers   connection: 'keep-alive',
140 verbose headers   'x-served-by': 'cache-iad2634-IAD',
140 verbose headers   'x-cache': 'HIT',
140 verbose headers   'x-cache-hits': '1',
140 verbose headers   'x-timer': 'S1480697689.642254,VS0,VE0',
140 verbose headers   vary: 'Accept-Encoding' }
141 silly get cb [ 304,
141 silly get   { date: 'Fri, 02 Dec 2016 16:54:49 GMT',
141 silly get     via: '1.1 varnish',
141 silly get     'cache-control': 'max-age=300',
141 silly get     etag: 'W/"580af141-46fa"',
141 silly get     age: '39',
141 silly get     connection: 'keep-alive',
141 silly get     'x-served-by': 'cache-iad2634-IAD',
141 silly get     'x-cache': 'HIT',
141 silly get     'x-cache-hits': '1',
141 silly get     'x-timer': 'S1480697689.642254,VS0,VE0',
141 silly get     vary: 'Accept-Encoding' } ]
142 verbose etag https://registry.npmjs.org/hoist-non-react-statics from cache
143 verbose get saving hoist-non-react-statics to /Users/sbarghshoon/.npm/registry.npmjs.org/hoist-non-react-statics/.cache.json
144 verbose correctMkdir /Users/sbarghshoon/.npm correctMkdir not in flight; initializing
145 silly addNameRange number 2 { name: 'hoist-non-react-statics',
145 silly addNameRange   range: '>=1.0.3 <2.0.0',
145 silly addNameRange   hasData: true }
146 silly addNameRange versions [ 'hoist-non-react-statics',
146 silly addNameRange   [ '1.0.0',
146 silly addNameRange     '1.0.1',
146 silly addNameRange     '1.0.2',
146 silly addNameRange     '1.0.3',
146 silly addNameRange     '1.0.4',
146 silly addNameRange     '1.0.5',
146 silly addNameRange     '1.0.6',
146 silly addNameRange     '1.1.0',
146 silly addNameRange     '1.2.0' ] ]
147 silly addNamed hoist-non-react-statics@1.2.0
148 verbose addNamed "1.2.0" is a plain semver version for hoist-non-react-statics
149 silly cache afterAdd hoist-non-react-statics@1.2.0
150 verbose afterAdd /Users/sbarghshoon/.npm/hoist-non-react-statics/1.2.0/package/package.json not in flight; writing
151 verbose correctMkdir /Users/sbarghshoon/.npm correctMkdir not in flight; initializing
152 verbose afterAdd /Users/sbarghshoon/.npm/hoist-non-react-statics/1.2.0/package/package.json written
153 silly install resolved [ { name: 'hoist-non-react-statics',
153 silly install resolved     version: '1.2.0',
153 silly install resolved     description: 'Copies non-react specific statics from a child component to a parent component',
153 silly install resolved     main: 'index.js',
153 silly install resolved     repository:
153 silly install resolved      { type: 'git',
153 silly install resolved        url: 'git://github.com/mridgway/hoist-non-react-statics.git' },
153 silly install resolved     scripts:
153 silly install resolved      { cover: 'node node_modules/istanbul/lib/cli.js cover --dir artifacts -- ./node_modules/mocha/bin/_mocha tests/unit/ --recursive --compilers js:babel/register --reporter spec',
153 silly install resolved        lint: 'eslint ./index.js',
153 silly install resolved        test: 'mocha tests/unit/ --recursive --compilers js:babel/register --reporter spec' },
153 silly install resolved     author: { name: 'Michael Ridgway', email: 'mridgway@yahoo-inc.com' },
153 silly install resolved     licenses: [ [Object] ],
153 silly install resolved     devDependencies:
153 silly install resolved      { babel: '^5.0.7',
153 silly install resolved        'babel-eslint': '^3.0.1',
153 silly install resolved        chai: '^3.0.0',
153 silly install resolved        coveralls: '^2.11.1',
153 silly install resolved        eslint: '^0.21.0',
153 silly install resolved        istanbul: '^0.3.2',
153 silly install resolved        mocha: '^2.0.1',
153 silly install resolved        'pre-commit': '^1.0.7',
153 silly install resolved        react: '^15.0.0' },
153 silly install resolved     keywords: [ 'react' ],
153 silly install resolved     gitHead: '437bebb16842657310b6a80ee89fce34864509bd',
153 silly install resolved     bugs: { url: 'https://github.com/mridgway/hoist-non-react-statics/issues' },
153 silly install resolved     homepage: 'https://github.com/mridgway/hoist-non-react-statics#readme',
153 silly install resolved     _id: 'hoist-non-react-statics@1.2.0',
153 silly install resolved     _shasum: 'aa448cf0986d55cc40773b17174b7dd066cb7cfb',
153 silly install resolved     _from: 'hoist-non-react-statics@>=1.0.3 <2.0.0',
153 silly install resolved     _npmVersion: '3.9.3',
153 silly install resolved     _nodeVersion: '6.2.1',
153 silly install resolved     _npmUser: { name: 'mridgway', email: 'mcridgway@gmail.com' },
153 silly install resolved     maintainers: [ [Object] ],
153 silly install resolved     dist:
153 silly install resolved      { shasum: 'aa448cf0986d55cc40773b17174b7dd066cb7cfb',
153 silly install resolved        tarball: 'https://registry.npmjs.org/hoist-non-react-statics/-/hoist-non-react-statics-1.2.0.tgz' },
153 silly install resolved     _npmOperationalInternal:
153 silly install resolved      { host: 'packages-12-west.internal.npmjs.com',
153 silly install resolved        tmp: 'tmp/hoist-non-react-statics-1.2.0.tgz_1466185955248_0.8610786439385265' },
153 silly install resolved     directories: {},
153 silly install resolved     _resolved: 'https://registry.npmjs.org/hoist-non-react-statics/-/hoist-non-react-statics-1.2.0.tgz',
153 silly install resolved     readme: 'ERROR: No README data found!' } ]
154 info install hoist-non-react-statics@1.2.0 into /Users/sbarghshoon/Desktop/ReactTodoAlt/node_modules/react-async-script-loader
155 info installOne hoist-non-react-statics@1.2.0
156 verbose installOne of hoist-non-react-statics to /Users/sbarghshoon/Desktop/ReactTodoAlt/node_modules/react-async-script-loader not in flight; installing
157 verbose correctMkdir /Users/sbarghshoon/.npm/_locks correctMkdir not in flight; initializing
158 verbose lock using /Users/sbarghshoon/.npm/_locks/hoist-non-react-statics-e07aacbcbef2b6d0.lock for /Users/sbarghshoon/Desktop/ReactTodoAlt/node_modules/react-async-script-loader/node_modules/hoist-non-react-statics
159 silly install write writing hoist-non-react-statics 1.2.0 to /Users/sbarghshoon/Desktop/ReactTodoAlt/node_modules/react-async-script-loader/node_modules/hoist-non-react-statics
160 verbose unbuild node_modules/react-async-script-loader/node_modules/hoist-non-react-statics
161 silly gentlyRm /Users/sbarghshoon/Desktop/ReactTodoAlt/node_modules/react-async-script-loader/node_modules/hoist-non-react-statics is being purged from base /Users/sbarghshoon/Desktop/ReactTodoAlt
162 verbose gentlyRm don't care about contents; nuking /Users/sbarghshoon/Desktop/ReactTodoAlt/node_modules/react-async-script-loader/node_modules/hoist-non-react-statics
163 verbose tar unpack /Users/sbarghshoon/.npm/hoist-non-react-statics/1.2.0/package.tgz
164 verbose tar unpacking to /Users/sbarghshoon/Desktop/ReactTodoAlt/node_modules/react-async-script-loader/node_modules/hoist-non-react-statics
165 silly gentlyRm /Users/sbarghshoon/Desktop/ReactTodoAlt/node_modules/react-async-script-loader/node_modules/hoist-non-react-statics is being purged
166 verbose gentlyRm don't care about contents; nuking /Users/sbarghshoon/Desktop/ReactTodoAlt/node_modules/react-async-script-loader/node_modules/hoist-non-react-statics
167 silly gunzTarPerm modes [ '755', '644' ]
168 silly gunzTarPerm extractEntry package.json
169 silly gunzTarPerm extractEntry .npmignore
170 silly gunzTarPerm extractEntry README.md
171 silly gunzTarPerm extractEntry index.js
172 silly gunzTarPerm extractEntry LICENSE.md
173 silly gunzTarPerm extractEntry .travis.yml
174 silly gunzTarPerm extractEntry .eslintrc
175 silly gunzTarPerm extractEntry .idea/.name
176 silly gunzTarPerm extractEntry .idea/hoist-non-react-statics.iml
177 silly gunzTarPerm extractEntry .idea/misc.xml
178 silly gunzTarPerm extractEntry .idea/modules.xml
179 silly gunzTarPerm extractEntry .idea/vcs.xml
180 silly gunzTarPerm extractEntry .idea/workspace.xml
181 silly gunzTarPerm extractEntry .coveralls.yml
182 verbose write writing to /Users/sbarghshoon/Desktop/ReactTodoAlt/node_modules/react-async-script-loader/node_modules/hoist-non-react-statics/package.json
183 info preinstall hoist-non-react-statics@1.2.0
184 verbose readDependencies loading dependencies from /Users/sbarghshoon/Desktop/ReactTodoAlt/node_modules/react-async-script-loader/node_modules/hoist-non-react-statics/package.json
185 verbose readDependencies loading dependencies from /Users/sbarghshoon/Desktop/ReactTodoAlt/node_modules/react-async-script-loader/node_modules/hoist-non-react-statics/package.json
186 silly install resolved []
187 verbose about to build /Users/sbarghshoon/Desktop/ReactTodoAlt/node_modules/react-async-script-loader/node_modules/hoist-non-react-statics
188 info build /Users/sbarghshoon/Desktop/ReactTodoAlt/node_modules/react-async-script-loader/node_modules/hoist-non-react-statics
189 info linkStuff hoist-non-react-statics@1.2.0
190 silly linkStuff hoist-non-react-statics@1.2.0 has /Users/sbarghshoon/Desktop/ReactTodoAlt/node_modules/react-async-script-loader/node_modules as its parent node_modules
191 verbose linkBins hoist-non-react-statics@1.2.0
192 verbose linkMans hoist-non-react-statics@1.2.0
193 verbose rebuildBundles hoist-non-react-statics@1.2.0
194 info install hoist-non-react-statics@1.2.0
195 info postinstall hoist-non-react-statics@1.2.0
196 verbose unlock done using /Users/sbarghshoon/.npm/_locks/hoist-non-react-statics-e07aacbcbef2b6d0.lock for /Users/sbarghshoon/Desktop/ReactTodoAlt/node_modules/react-async-script-loader/node_modules/hoist-non-react-statics
197 verbose about to build /Users/sbarghshoon/Desktop/ReactTodoAlt/node_modules/react-async-script-loader
198 info build /Users/sbarghshoon/Desktop/ReactTodoAlt/node_modules/react-async-script-loader
199 info linkStuff react-async-script-loader@0.2.2
200 silly linkStuff react-async-script-loader@0.2.2 has /Users/sbarghshoon/Desktop/ReactTodoAlt/node_modules as its parent node_modules
201 verbose linkBins react-async-script-loader@0.2.2
202 verbose linkMans react-async-script-loader@0.2.2
203 verbose rebuildBundles react-async-script-loader@0.2.2
204 verbose rebuildBundles [ 'hoist-non-react-statics' ]
205 info install react-async-script-loader@0.2.2
206 info postinstall react-async-script-loader@0.2.2
207 verbose readDependencies loading dependencies from /Users/sbarghshoon/Desktop/ReactTodoAlt/package.json
208 verbose targetResolver reading package data from /Users/sbarghshoon/Desktop/ReactTodoAlt/node_modules/acorn/package.json
209 verbose targetResolver reading package data from /Users/sbarghshoon/Desktop/ReactTodoAlt/node_modules/axios/package.json
210 verbose targetResolver reading package data from /Users/sbarghshoon/Desktop/ReactTodoAlt/node_modules/babel-core/package.json
211 verbose targetResolver reading package data from /Users/sbarghshoon/Desktop/ReactTodoAlt/node_modules/babel-loader/package.json
212 verbose targetResolver reading package data from /Users/sbarghshoon/Desktop/ReactTodoAlt/node_modules/babel-preset-es2015/package.json
213 verbose targetResolver reading package data from /Users/sbarghshoon/Desktop/ReactTodoAlt/node_modules/babel-preset-react/package.json
214 verbose targetResolver reading package data from /Users/sbarghshoon/Desktop/ReactTodoAlt/node_modules/babel-preset-stage-0/package.json
215 verbose targetResolver reading package data from /Users/sbarghshoon/Desktop/ReactTodoAlt/node_modules/css-loader/package.json
216 verbose targetResolver reading package data from /Users/sbarghshoon/Desktop/ReactTodoAlt/node_modules/expect/package.json
217 verbose targetResolver reading package data from /Users/sbarghshoon/Desktop/ReactTodoAlt/node_modules/express/package.json
218 verbose targetResolver reading package data from /Users/sbarghshoon/Desktop/ReactTodoAlt/node_modules/foundation-sites/package.json
219 verbose targetResolver reading package data from /Users/sbarghshoon/Desktop/ReactTodoAlt/node_modules/jquery/package.json
220 verbose targetResolver reading package data from /Users/sbarghshoon/Desktop/ReactTodoAlt/node_modules/karma/package.json
221 verbose targetResolver reading package data from /Users/sbarghshoon/Desktop/ReactTodoAlt/node_modules/karma-chrome-launcher/package.json
222 verbose targetResolver reading package data from /Users/sbarghshoon/Desktop/ReactTodoAlt/node_modules/karma-mocha/package.json
223 verbose targetResolver reading package data from /Users/sbarghshoon/Desktop/ReactTodoAlt/node_modules/karma-mocha-reporter/package.json
224 verbose targetResolver reading package data from /Users/sbarghshoon/Desktop/ReactTodoAlt/node_modules/karma-sourcemap-loader/package.json
225 verbose targetResolver reading package data from /Users/sbarghshoon/Desktop/ReactTodoAlt/node_modules/karma-webpack/package.json
226 verbose targetResolver reading package data from /Users/sbarghshoon/Desktop/ReactTodoAlt/node_modules/mocha/package.json
227 verbose targetResolver reading package data from /Users/sbarghshoon/Desktop/ReactTodoAlt/node_modules/moment/package.json
228 verbose targetResolver reading package data from /Users/sbarghshoon/Desktop/ReactTodoAlt/node_modules/node-uuid/package.json
229 verbose targetResolver reading package data from /Users/sbarghshoon/Desktop/ReactTodoAlt/node_modules/react/package.json
230 verbose targetResolver reading package data from /Users/sbarghshoon/Desktop/ReactTodoAlt/node_modules/react-addons-test-utils/package.json
231 verbose targetResolver reading package data from /Users/sbarghshoon/Desktop/ReactTodoAlt/node_modules/react-async-script-loader/package.json
232 verbose targetResolver reading package data from /Users/sbarghshoon/Desktop/ReactTodoAlt/node_modules/react-dom/package.json
233 verbose targetResolver reading package data from /Users/sbarghshoon/Desktop/ReactTodoAlt/node_modules/react-loadscript/package.json
234 verbose targetResolver reading package data from /Users/sbarghshoon/Desktop/ReactTodoAlt/node_modules/react-router/package.json
235 verbose targetResolver reading package data from /Users/sbarghshoon/Desktop/ReactTodoAlt/node_modules/sass-loader/package.json
236 verbose targetResolver reading package data from /Users/sbarghshoon/Desktop/ReactTodoAlt/node_modules/script-loader/package.json
237 verbose targetResolver reading package data from /Users/sbarghshoon/Desktop/ReactTodoAlt/node_modules/style-loader/package.json
238 verbose targetResolver reading package data from /Users/sbarghshoon/Desktop/ReactTodoAlt/node_modules/webpack/package.json
239 verbose targetResolver reading package data from /Users/sbarghshoon/Desktop/ReactTodoAlt/node_modules/.bin/acorn/package.json
240 verbose targetResolver reading package data from /Users/sbarghshoon/Desktop/ReactTodoAlt/node_modules/.bin/karma/package.json
241 verbose targetResolver reading package data from /Users/sbarghshoon/Desktop/ReactTodoAlt/node_modules/.bin/mocha/package.json
242 verbose targetResolver reading package data from /Users/sbarghshoon/Desktop/ReactTodoAlt/node_modules/.bin/uuid/package.json
243 verbose targetResolver reading package data from /Users/sbarghshoon/Desktop/ReactTodoAlt/node_modules/.bin/webpack/package.json
244 verbose already installed skipping react@^15.0.1 /Users/sbarghshoon/Desktop/ReactTodoAlt
245 silly install resolved []
246 verbose unlock done using /Users/sbarghshoon/.npm/_locks/react-async-script-loade-0a74f12a537cec12.lock for /Users/sbarghshoon/Desktop/ReactTodoAlt/node_modules/react-async-script-loader
247 verbose validateInstall loading /Users/sbarghshoon/Desktop/ReactTodoAlt/package.json for validation
248 verbose stack Error: The package react@0.14.8 does not satisfy its siblings' peerDependencies requirements!
248 verbose stack     at /usr/local/lib/node_modules/npm/lib/install.js:125:32
248 verbose stack     at /usr/local/lib/node_modules/npm/lib/install.js:268:7
248 verbose stack     at /usr/local/lib/node_modules/npm/node_modules/read-installed/read-installed.js:142:5
248 verbose stack     at /usr/local/lib/node_modules/npm/node_modules/read-installed/read-installed.js:263:14
248 verbose stack     at cb (/usr/local/lib/node_modules/npm/node_modules/slide/lib/async-map.js:47:24)
248 verbose stack     at /usr/local/lib/node_modules/npm/node_modules/read-installed/read-installed.js:263:14
248 verbose stack     at cb (/usr/local/lib/node_modules/npm/node_modules/slide/lib/async-map.js:47:24)
248 verbose stack     at /usr/local/lib/node_modules/npm/node_modules/read-installed/read-installed.js:263:14
248 verbose stack     at cb (/usr/local/lib/node_modules/npm/node_modules/slide/lib/async-map.js:47:24)
248 verbose stack     at /usr/local/lib/node_modules/npm/node_modules/read-installed/read-installed.js:263:14
249 verbose cwd /Users/sbarghshoon/Desktop/ReactTodoAlt
250 error Darwin 10.8.0
251 error argv "/usr/local/bin/node" "/usr/local/bin/npm" "install" "--save" "react-async-script-loader"
252 error node v4.4.3
253 error npm  v2.15.1
254 error code EPEERINVALID
255 error peerinvalid The package react@0.14.8 does not satisfy its siblings' peerDependencies requirements!
255 error peerinvalid Peer react-dom@0.14.7 wants react@^0.14.7
255 error peerinvalid Peer react-addons-test-utils@0.14.7 wants react@^0.14.7
255 error peerinvalid Peer react-async-script-loader@0.2.2 wants react@^15.0.1
256 verbose exit [ 1, true ]
